<?xml version="1.0" encoding="UTF-8"?>
<testsuite xmlns:xsi="http://www.w3.org/2001/XMLSchema-instance" xsi:noNamespaceSchemaLocation="https://maven.apache.org/surefire/maven-surefire-plugin/xsd/surefire-test-report.xsd" version="3.0.2" name="ec.edu.espe.gestion_publicaciones.firmaec.CoordinateCheckTest" time="0.645" tests="1" errors="0" skipped="0" failures="0">
  <properties>
[...]
</properties>
  <testcase name="testPrintCoordinates" classname="ec.edu.espe.gestion_publicaciones.firmaec.CoordinateCheckTest" time="0.615">
    <system-out><![CDATA[Standard Commons Logging discovery in action with spring-jcl: please remove commons-logging.jar from classpath in order to avoid potential conflicts
Total Pages: 1
Page 1:
  MediaBox: 595.0 x 842.0
  Rotation: 90
--- ALL TEXT POSITIONS ---
Text: [U] at X=258.64, Y=53.98
Text: [N] at X=267.30, Y=53.98
Text: [I] at X=275.97, Y=53.98
Text: [V] at X=279.30, Y=53.98
Text: [E] at X=287.31, Y=53.98
Text: [R] at X=295.31, Y=53.98
Text: [S] at X=303.98, Y=53.98
Text: [I] at X=311.98, Y=53.98
Text: [D] at X=315.32, Y=53.98
Text: [A] at X=323.98, Y=53.98
Text: [D] at X=331.98, Y=53.98
Text: [ ] at X=340.65, Y=53.98
Text: [D] at X=343.98, Y=53.98
Text: [E] at X=352.65, Y=53.98
Text: [ ] at X=360.65, Y=53.98
Text: [L] at X=363.99, Y=53.98
Text: [A] at X=370.66, Y=53.98
Text: [S] at X=378.66, Y=53.98
Text: [ ] at X=386.67, Y=53.98
Text: [F] at X=390.00, Y=53.98
Text: [U] at X=397.34, Y=53.98
Text: [E] at X=406.00, Y=53.98
Text: [R] at X=414.00, Y=53.98
Text: [Z] at X=422.67, Y=53.98
Text: [A] at X=430.00, Y=53.98
Text: [S] at X=438.00, Y=53.98
Text: [ ] at X=446.01, Y=53.98
Text: [A] at X=449.34, Y=53.98
Text: [R] at X=457.35, Y=53.98
Text: [M] at X=466.01, Y=53.98
Text: [A] at X=476.01, Y=53.98
Text: [D] at X=484.01, Y=53.98
Text: [A] at X=492.68, Y=53.98
Text: [S] at X=500.68, Y=53.98
Text: [ ] at X=508.68, Y=53.98
Text: [-] at X=512.02, Y=53.98
Text: [ ] at X=516.02, Y=53.98
Text: [E] at X=519.35, Y=53.98
Text: [S] at X=527.36, Y=53.98
Text: [P] at X=535.36, Y=53.98
Text: [E] at X=543.36, Y=53.98
Text: [O] at X=350.66, Y=70.33
Text: [R] at X=360.00, Y=70.33
Text: [D] at X=368.66, Y=70.33
Text: [E] at X=377.32, Y=70.33
Text: [N] at X=385.33, Y=70.33
Text: [ ] at X=393.99, Y=70.33
Text: [D] at X=397.33, Y=70.33
Text: [E] at X=405.99, Y=70.33
Text: [ ] at X=414.00, Y=70.33
Text: [G] at X=417.33, Y=70.33
Text: [A] at X=426.67, Y=70.33
Text: [S] at X=434.67, Y=70.33
Text: [T] at X=442.68, Y=70.33
Text: [O] at X=450.01, Y=70.33
Text: [U] at X=707.09, Y=36.66
Text: [n] at X=712.87, Y=36.66
Text: [i] at X=717.31, Y=36.66
Text: [d] at X=719.09, Y=36.66
Text: [a] at X=723.54, Y=36.66
Text: [d] at X=727.99, Y=36.66
Text: [ ] at X=732.43, Y=36.66
Text: [d] at X=734.66, Y=36.66
Text: [e] at X=739.11, Y=36.66
Text: [ ] at X=743.55, Y=36.66
Text: [G] at X=745.78, Y=36.66
Text: [e] at X=752.00, Y=36.66
Text: [s] at X=756.45, Y=36.66
Text: [t] at X=760.45, Y=36.66
Text: [i] at X=762.67, Y=36.66
Text: [ó] at X=764.45, Y=36.66
Text: [n] at X=768.90, Y=36.66
Text: [ ] at X=773.35, Y=36.66
Text: [d] at X=775.57, Y=36.66
Text: [e] at X=780.02, Y=36.66
Text: [ ] at X=784.47, Y=36.66
Text: [l] at X=786.69, Y=36.66
Text: [a] at X=788.47, Y=36.66
Text: [I] at X=726.66, Y=47.55
Text: [n] at X=728.88, Y=47.55
Text: [v] at X=733.33, Y=47.55
Text: [e] at X=737.33, Y=47.55
Text: [s] at X=741.78, Y=47.55
Text: [t] at X=745.78, Y=47.55
Text: [i] at X=748.00, Y=47.55
Text: [g] at X=749.78, Y=47.55
Text: [a] at X=754.23, Y=47.55
Text: [c] at X=758.68, Y=47.55
Text: [i] at X=762.68, Y=47.55
Text: [ó] at X=764.45, Y=47.55
Text: [n] at X=768.90, Y=47.55
Text: [P] at X=685.00, Y=69.72
Text: [á] at X=689.67, Y=69.72
Text: [g] at X=693.56, Y=69.72
Text: [.] at X=697.45, Y=69.72
Text: [1] at X=772.38, Y=69.72
Text: [ ] at X=776.27, Y=69.72
Text: [d] at X=778.22, Y=69.72
Text: [e] at X=782.11, Y=69.72
Text: [1] at X=786.00, Y=69.72
Text: [F] at X=685.00, Y=87.72
Text: [e] at X=689.28, Y=87.72
Text: [c] at X=693.17, Y=87.72
Text: [h] at X=696.67, Y=87.72
Text: [a] at X=700.56, Y=87.72
Text: [:] at X=704.45, Y=87.72
Text: [2] at X=764.99, Y=87.72
Text: [4] at X=768.88, Y=87.72
Text: [/] at X=772.77, Y=87.72
Text: [0] at X=774.72, Y=87.72
Text: [3] at X=778.61, Y=87.72
Text: [/] at X=782.50, Y=87.72
Text: [2] at X=784.45, Y=87.72
Text: [0] at X=788.34, Y=87.72
Text: [2] at X=792.23, Y=87.72
Text: [6] at X=796.13, Y=87.72
Text: [S] at X=24.00, Y=107.49
Text: [E] at X=30.00, Y=107.49
Text: [C] at X=36.01, Y=107.49
Text: [C] at X=42.50, Y=107.49
Text: [I] at X=49.00, Y=107.49
Text: [Ó] at X=51.50, Y=107.49
Text: [N] at X=58.51, Y=107.49
Text: [ ] at X=65.00, Y=107.49
Text: [I] at X=67.51, Y=107.49
Text: [ ] at X=70.01, Y=107.49
Text: [-] at X=72.51, Y=107.49
Text: [ ] at X=75.51, Y=107.49
Text: [I] at X=78.01, Y=107.49
Text: [D] at X=80.51, Y=107.49
Text: [E] at X=87.01, Y=107.49
Text: [N] at X=93.01, Y=107.49
Text: [T] at X=99.51, Y=107.49
Text: [I] at X=105.01, Y=107.49
Text: [F] at X=107.51, Y=107.49
Text: [I] at X=113.01, Y=107.49
Text: [C] at X=115.51, Y=107.49
Text: [A] at X=122.01, Y=107.49
Text: [C] at X=128.01, Y=107.49
Text: [I] at X=134.51, Y=107.49
Text: [Ó] at X=137.01, Y=107.49
Text: [N] at X=144.01, Y=107.49
Text: [ ] at X=150.51, Y=107.49
Text: [D] at X=153.01, Y=107.49
Text: [E] at X=159.51, Y=107.49
Text: [ ] at X=165.52, Y=107.49
Text: [L] at X=168.02, Y=107.49
Text: [A] at X=173.02, Y=107.49
Text: [ ] at X=179.03, Y=107.49
Text: [O] at X=181.53, Y=107.49
Text: [R] at X=188.53, Y=107.49
Text: [D] at X=195.03, Y=107.49
Text: [E] at X=201.53, Y=107.49
Text: [N] at X=207.53, Y=107.49
Text: [ ] at X=214.03, Y=107.49
Text: [D] at X=216.53, Y=107.49
Text: [E] at X=223.03, Y=107.49
Text: [ ] at X=229.03, Y=107.49
Text: [G] at X=231.53, Y=107.49
Text: [A] at X=238.53, Y=107.49
Text: [S] at X=244.54, Y=107.49
Text: [T] at X=250.54, Y=107.49
Text: [O] at X=256.04, Y=107.49
Text: [N] at X=24.00, Y=125.49
Text: [o] at X=30.50, Y=125.49
Text: [:] at X=35.50, Y=125.49
Text: [O] at X=124.00, Y=125.49
Text: [G] at X=131.00, Y=125.49
Text: [-] at X=138.00, Y=125.49
Text: [2] at X=141.00, Y=125.49
Text: [0] at X=146.00, Y=125.49
Text: [2] at X=151.01, Y=125.49
Text: [6] at X=156.01, Y=125.49
Text: [-] at X=161.02, Y=125.49
Text: [0] at X=164.01, Y=125.49
Text: [2] at X=169.02, Y=125.49
Text: [4] at X=174.02, Y=125.49
Text: [-] at X=179.03, Y=125.49
Text: [U] at X=182.02, Y=125.49
Text: [G] at X=188.52, Y=125.49
Text: [I] at X=195.52, Y=125.49
Text: [N] at X=198.02, Y=125.49
Text: [-] at X=204.52, Y=125.49
Text: [E] at X=207.52, Y=125.49
Text: [S] at X=213.52, Y=125.49
Text: [P] at X=219.53, Y=125.49
Text: [E] at X=225.53, Y=125.49
Text: [-] at X=231.53, Y=125.49
Text: [d] at X=234.53, Y=125.49
Text: [-] at X=239.53, Y=125.49
Text: [1] at X=242.53, Y=125.49
Text: [F] at X=424.00, Y=125.49
Text: [e] at X=429.50, Y=125.49
Text: [c] at X=434.50, Y=125.49
Text: [h] at X=439.00, Y=125.49
Text: [a] at X=444.01, Y=125.49
Text: [:] at X=449.01, Y=125.49
Text: [2] at X=524.00, Y=125.49
Text: [4] at X=529.00, Y=125.49
Text: [/] at X=534.01, Y=125.49
Text: [0] at X=536.51, Y=125.49
Text: [3] at X=541.51, Y=125.49
Text: [/] at X=546.52, Y=125.49
Text: [2] at X=549.02, Y=125.49
Text: [0] at X=554.02, Y=125.49
Text: [2] at X=559.03, Y=125.49
Text: [6] at X=564.03, Y=125.49
Text: [S] at X=24.00, Y=145.60
Text: [E] at X=29.34, Y=145.60
Text: [C] at X=34.67, Y=145.60
Text: [C] at X=40.45, Y=145.60
Text: [I] at X=46.22, Y=145.60
Text: [Ó] at X=48.45, Y=145.60
Text: [N] at X=54.67, Y=145.60
Text: [ ] at X=60.45, Y=145.60
Text: [I] at X=62.67, Y=145.60
Text: [I] at X=64.90, Y=145.60
Text: [ ] at X=67.12, Y=145.60
Text: [-] at X=69.34, Y=145.60
Text: [ ] at X=72.01, Y=145.60
Text: [I] at X=74.23, Y=145.60
Text: [N] at X=76.46, Y=145.60
Text: [F] at X=82.23, Y=145.60
Text: [O] at X=87.12, Y=145.60
Text: [R] at X=93.34, Y=145.60
Text: [M] at X=99.12, Y=145.60
Text: [A] at X=105.78, Y=145.60
Text: [C] at X=111.12, Y=145.60
Text: [I] at X=116.90, Y=145.60
Text: [Ó] at X=119.12, Y=145.60
Text: [N] at X=125.34, Y=145.60
Text: [ ] at X=131.12, Y=145.60
Text: [D] at X=133.34, Y=145.60
Text: [E] at X=139.12, Y=145.60
Text: [ ] at X=144.46, Y=145.60
Text: [L] at X=146.68, Y=145.60
Text: [A] at X=151.13, Y=145.60
Text: [ ] at X=156.46, Y=145.60
Text: [C] at X=158.69, Y=145.60
Text: [O] at X=164.46, Y=145.60
Text: [N] at X=170.69, Y=145.60
Text: [T] at X=176.46, Y=145.60
Text: [R] at X=181.35, Y=145.60
Text: [A] at X=187.13, Y=145.60
Text: [T] at X=192.46, Y=145.60
Text: [A] at X=197.35, Y=145.60
Text: [C] at X=202.69, Y=145.60
Text: [I] at X=208.46, Y=145.60
Text: [Ó] at X=210.69, Y=145.60
Text: [N] at X=216.91, Y=145.60
Text: [N] at X=24.00, Y=160.60
Text: [o] at X=29.78, Y=160.60
Text: [.] at X=34.22, Y=160.60
Text: [ ] at X=36.45, Y=160.60
Text: [C] at X=38.67, Y=160.60
Text: [o] at X=44.45, Y=160.60
Text: [n] at X=48.90, Y=160.60
Text: [t] at X=53.34, Y=160.60
Text: [r] at X=55.57, Y=160.60
Text: [a] at X=58.23, Y=160.60
Text: [t] at X=62.68, Y=160.60
Text: [o] at X=64.90, Y=160.60
Text: [/] at X=69.35, Y=160.60
Text: [O] at X=71.58, Y=160.60
Text: [r] at X=77.80, Y=160.60
Text: [d] at X=80.46, Y=160.60
Text: [e] at X=84.91, Y=160.60
Text: [n] at X=89.36, Y=160.60
Text: [ ] at X=93.81, Y=160.60
Text: [d] at X=96.03, Y=160.60
Text: [e] at X=100.48, Y=160.60
Text: [ ] at X=104.93, Y=160.60
Text: [C] at X=107.15, Y=160.60
Text: [o] at X=112.93, Y=160.60
Text: [m] at X=117.38, Y=160.60
Text: [p] at X=124.04, Y=160.60
Text: [r] at X=128.49, Y=160.60
Text: [a] at X=131.15, Y=160.60
Text: [/] at X=135.60, Y=160.60
Text: [C] at X=137.82, Y=160.60
Text: [o] at X=143.60, Y=160.60
Text: [n] at X=148.05, Y=160.60
Text: [t] at X=152.50, Y=160.60
Text: [r] at X=154.72, Y=160.60
Text: [a] at X=157.38, Y=160.60
Text: [t] at X=161.83, Y=160.60
Text: [a] at X=164.06, Y=160.60
Text: [c] at X=168.50, Y=160.60
Text: [i] at X=172.50, Y=160.60
Text: [ó] at X=174.28, Y=160.60
Text: [n] at X=178.73, Y=160.60
Text: [:] at X=183.18, Y=160.60
Text: [M] at X=244.00, Y=160.60
Text: [e] at X=250.66, Y=160.60
Text: [m] at X=255.11, Y=160.60
Text: [o] at X=261.78, Y=160.60
Text: [r] at X=266.22, Y=160.60
Text: [a] at X=268.89, Y=160.60
Text: [n] at X=273.34, Y=160.60
Text: [d] at X=277.78, Y=160.60
Text: [o] at X=282.23, Y=160.60
Text: [ ] at X=286.68, Y=160.60
Text: [N] at X=288.90, Y=160.60
Text: [r] at X=294.68, Y=160.60
Text: [o] at X=297.34, Y=160.60
Text: [.] at X=301.79, Y=160.60
Text: [ ] at X=304.02, Y=160.60
Text: [E] at X=306.24, Y=160.60
Text: [S] at X=311.58, Y=160.60
Text: [P] at X=316.91, Y=160.60
Text: [E] at X=322.25, Y=160.60
Text: [-] at X=327.58, Y=160.60
Text: [U] at X=330.25, Y=160.60
Text: [G] at X=336.02, Y=160.60
Text: [I] at X=342.25, Y=160.60
Text: [N] at X=344.47, Y=160.60
Text: [-] at X=350.25, Y=160.60
Text: [2] at X=352.91, Y=160.60
Text: [0] at X=357.36, Y=160.60
Text: [2] at X=361.81, Y=160.60
Text: [6] at X=366.26, Y=160.60
Text: [-] at X=370.70, Y=160.60
Text: [0] at X=373.37, Y=160.60
Text: [5] at X=377.82, Y=160.60
Text: [1] at X=382.26, Y=160.60
Text: [7] at X=386.71, Y=160.60
Text: [-] at X=391.16, Y=160.60
Text: [M] at X=393.82, Y=160.60
Text: [O] at X=24.00, Y=175.60
Text: [b] at X=30.22, Y=175.60
Text: [j] at X=34.67, Y=175.60
Text: [e] at X=36.45, Y=175.60
Text: [t] at X=40.90, Y=175.60
Text: [o] at X=43.12, Y=175.60
Text: [ ] at X=47.57, Y=175.60
Text: [d] at X=49.79, Y=175.60
Text: [e] at X=54.24, Y=175.60
Text: [ ] at X=58.69, Y=175.60
Text: [l] at X=60.91, Y=175.60
Text: [a] at X=62.69, Y=175.60
Text: [ ] at X=67.14, Y=175.60
Text: [C] at X=69.36, Y=175.60
Text: [o] at X=75.14, Y=175.60
Text: [n] at X=79.58, Y=175.60
Text: [t] at X=84.03, Y=175.60
Text: [r] at X=86.26, Y=175.60
Text: [a] at X=88.92, Y=175.60
Text: [t] at X=93.37, Y=175.60
Text: [a] at X=95.59, Y=175.60
Text: [c] at X=100.04, Y=175.60
Text: [i] at X=104.04, Y=175.60
Text: [ó] at X=105.82, Y=175.60
Text: [n] at X=110.26, Y=175.60
Text: [:] at X=114.71, Y=175.60
Text: [P] at X=244.00, Y=175.60
Text: [a] at X=249.34, Y=175.60
Text: [g] at X=253.78, Y=175.60
Text: [o] at X=258.23, Y=175.60
Text: [ ] at X=262.68, Y=175.60
Text: [p] at X=264.90, Y=175.60
Text: [o] at X=269.35, Y=175.60
Text: [r] at X=273.80, Y=175.60
Text: [ ] at X=276.46, Y=175.60
Text: [p] at X=278.69, Y=175.60
Text: [u] at X=283.14, Y=175.60
Text: [b] at X=287.58, Y=175.60
Text: [l] at X=292.03, Y=175.60
Text: [i] at X=293.81, Y=175.60
Text: [c] at X=295.58, Y=175.60
Text: [a] at X=299.58, Y=175.60
Text: [c] at X=304.03, Y=175.60
Text: [i] at X=308.03, Y=175.60
Text: [ó] at X=309.81, Y=175.60
Text: [n] at X=314.26, Y=175.60
Text: [ ] at X=318.70, Y=175.60
Text: [d] at X=320.93, Y=175.60
Text: [e] at X=325.38, Y=175.60
Text: [ ] at X=329.82, Y=175.60
Text: [a] at X=332.05, Y=175.60
Text: [r] at X=336.50, Y=175.60
Text: [t] at X=339.16, Y=175.60
Text: [í] at X=341.38, Y=175.60
Text: [c] at X=343.61, Y=175.60
Text: [u] at X=347.61, Y=175.60
Text: [l] at X=352.06, Y=175.60
Text: [o] at X=353.83, Y=175.60
Text: [ ] at X=358.28, Y=175.60
Text: [t] at X=360.50, Y=175.60
Text: [i] at X=362.73, Y=175.60
Text: [t] at X=364.50, Y=175.60
Text: [u] at X=366.73, Y=175.60
Text: [l] at X=371.18, Y=175.60
Text: [a] at X=372.95, Y=175.60
Text: [d] at X=377.40, Y=175.60
Text: [o] at X=381.85, Y=175.60
Text: [ ] at X=386.30, Y=175.60
Text: [“] at X=388.52, Y=175.60
Text: [R] at X=391.18, Y=175.60
Text: [e] at X=396.96, Y=175.60
Text: [a] at X=401.41, Y=175.60
Text: [l] at X=405.86, Y=175.60
Text: [-] at X=407.63, Y=175.60
Text: [T] at X=410.30, Y=175.60
Text: [i] at X=415.18, Y=175.60
Text: [m] at X=416.96, Y=175.60
Text: [e] at X=423.62, Y=175.60
Text: [ ] at X=428.07, Y=175.60
Text: [D] at X=430.30, Y=175.60
Text: [i] at X=436.07, Y=175.60
Text: [g] at X=437.85, Y=175.60
Text: [i] at X=442.30, Y=175.60
Text: [t] at X=444.07, Y=175.60
Text: [a] at X=446.30, Y=175.60
Text: [l] at X=450.74, Y=175.60
Text: [ ] at X=452.52, Y=175.60
Text: [T] at X=454.74, Y=175.60
Text: [w] at X=459.63, Y=175.60
Text: [i] at X=465.41, Y=175.60
Text: [n] at X=467.18, Y=175.60
Text: [ ] at X=471.63, Y=175.60
Text: [A] at X=473.86, Y=175.60
Text: [r] at X=479.19, Y=175.60
Text: [c] at X=481.86, Y=175.60
Text: [h] at X=485.86, Y=175.60
Text: [i] at X=490.30, Y=175.60
Text: [t] at X=492.08, Y=175.60
Text: [e] at X=494.30, Y=175.60
Text: [c] at X=498.75, Y=175.60
Text: [t] at X=502.75, Y=175.60
Text: [u] at X=504.98, Y=175.60
Text: [r] at X=509.42, Y=175.60
Text: [e] at X=512.09, Y=175.60
Text: [ ] at X=516.54, Y=175.60
Text: [f] at X=518.76, Y=175.60
Text: [o] at X=520.98, Y=175.60
Text: [r] at X=525.43, Y=175.60
Text: [ ] at X=528.10, Y=175.60
Text: [I] at X=530.32, Y=175.60
Text: [m] at X=532.54, Y=175.60
Text: [m] at X=539.21, Y=175.60
Text: [e] at X=545.87, Y=175.60
Text: [r] at X=550.32, Y=175.60
Text: [s] at X=552.98, Y=175.60
Text: [i] at X=556.98, Y=175.60
Text: [v] at X=558.76, Y=175.60
Text: [e] at X=562.76, Y=175.60
Text: [ ] at X=567.21, Y=175.60
Text: [I] at X=569.43, Y=175.60
Text: [n] at X=571.66, Y=175.60
Text: [d] at X=576.10, Y=175.60
Text: [u] at X=580.55, Y=175.60
Text: [s] at X=585.00, Y=175.60
Text: [t] at X=589.00, Y=175.60
Text: [r] at X=591.22, Y=175.60
Text: [i] at X=593.89, Y=175.60
Text: [a] at X=595.66, Y=175.60
Text: [l] at X=600.11, Y=175.60
Text: [ ] at X=601.89, Y=175.60
Text: [A] at X=604.11, Y=175.60
Text: [u] at X=609.45, Y=175.60
Text: [t] at X=613.90, Y=175.60
Text: [o] at X=616.12, Y=175.60
Text: [m] at X=620.57, Y=175.60
Text: [a] at X=627.23, Y=175.60
Text: [t] at X=631.68, Y=175.60
Text: [i] at X=633.90, Y=175.60
Text: [o] at X=635.68, Y=175.60
Text: [n] at X=640.13, Y=175.60
Text: ["] at X=644.58, Y=175.60
Text: [S] at X=24.00, Y=195.60
Text: [E] at X=29.34, Y=195.60
Text: [C] at X=34.67, Y=195.60
Text: [C] at X=40.45, Y=195.60
Text: [I] at X=46.22, Y=195.60
Text: [Ó] at X=48.45, Y=195.60
Text: [N] at X=54.67, Y=195.60
Text: [ ] at X=60.45, Y=195.60
Text: [I] at X=62.67, Y=195.60
Text: [I] at X=64.90, Y=195.60
Text: [I] at X=67.12, Y=195.60
Text: [ ] at X=69.34, Y=195.60
Text: [-] at X=71.57, Y=195.60
Text: [ ] at X=74.23, Y=195.60
Text: [I] at X=76.46, Y=195.60
Text: [N] at X=78.68, Y=195.60
Text: [F] at X=84.46, Y=195.60
Text: [O] at X=89.34, Y=195.60
Text: [R] at X=95.57, Y=195.60
Text: [M] at X=101.34, Y=195.60
Text: [A] at X=108.01, Y=195.60
Text: [C] at X=113.34, Y=195.60
Text: [I] at X=119.12, Y=195.60
Text: [Ó] at X=121.34, Y=195.60
Text: [N] at X=127.57, Y=195.60
Text: [ ] at X=133.34, Y=195.60
Text: [D] at X=135.57, Y=195.60
Text: [E] at X=141.34, Y=195.60
Text: [L] at X=146.68, Y=195.60
Text: [ ] at X=151.13, Y=195.60
Text: [P] at X=153.35, Y=195.60
Text: [R] at X=158.69, Y=195.60
Text: [O] at X=164.46, Y=195.60
Text: [V] at X=170.69, Y=195.60
Text: [E] at X=176.02, Y=195.60
Text: [E] at X=181.36, Y=195.60
Text: [D] at X=186.70, Y=195.60
Text: [O] at X=192.47, Y=195.60
Text: [R] at X=198.70, Y=195.60
Text: [R] at X=24.00, Y=210.60
Text: [a] at X=29.78, Y=210.60
Text: [z] at X=34.22, Y=210.60
Text: [ó] at X=38.22, Y=210.60
Text: [n] at X=42.67, Y=210.60
Text: [ ] at X=47.12, Y=210.60
Text: [S] at X=49.34, Y=210.60
Text: [o] at X=54.68, Y=210.60
Text: [c] at X=59.13, Y=210.60
Text: [i] at X=63.13, Y=210.60
Text: [a] at X=64.90, Y=210.60
Text: [l] at X=69.35, Y=210.60
Text: [:] at X=71.13, Y=210.60
Text: [M] at X=244.00, Y=210.60
Text: [D] at X=250.66, Y=210.60
Text: [P] at X=256.44, Y=210.60
Text: [I] at X=261.78, Y=210.60
Text: [ ] at X=264.00, Y=210.60
Text: [A] at X=266.22, Y=210.60
Text: [G] at X=271.56, Y=210.60
Text: [ ] at X=277.78, Y=210.60
Text: [P] at X=280.01, Y=210.60
Text: [U] at X=285.34, Y=210.60
Text: [B] at X=291.12, Y=210.60
Text: [L] at X=296.46, Y=210.60
Text: [I] at X=300.90, Y=210.60
Text: [S] at X=303.13, Y=210.60
Text: [H] at X=308.46, Y=210.60
Text: [E] at X=314.24, Y=210.60
Text: [R] at X=319.58, Y=210.60
Text: [ ] at X=325.35, Y=210.60
Text: [O] at X=327.58, Y=210.60
Text: [F] at X=333.80, Y=210.60
Text: [ ] at X=338.69, Y=210.60
Text: [O] at X=340.91, Y=210.60
Text: [P] at X=347.14, Y=210.60
Text: [E] at X=352.47, Y=210.60
Text: [N] at X=357.81, Y=210.60
Text: [ ] at X=363.58, Y=210.60
Text: [A] at X=365.81, Y=210.60
Text: [C] at X=371.14, Y=210.60
Text: [C] at X=376.92, Y=210.60
Text: [E] at X=382.70, Y=210.60
Text: [S] at X=388.03, Y=210.60
Text: [S] at X=393.37, Y=210.60
Text: [ ] at X=398.70, Y=210.60
Text: [J] at X=400.93, Y=210.60
Text: [O] at X=404.93, Y=210.60
Text: [U] at X=411.15, Y=210.60
Text: [R] at X=416.93, Y=210.60
Text: [N] at X=422.70, Y=210.60
Text: [A] at X=428.48, Y=210.60
Text: [L] at X=433.82, Y=210.60
Text: [S] at X=438.26, Y=210.60
Text: [R] at X=24.00, Y=225.60
Text: [U] at X=29.78, Y=225.60
Text: [C] at X=35.55, Y=225.60
Text: [/] at X=41.33, Y=225.60
Text: [I] at X=43.55, Y=225.60
Text: [D] at X=45.78, Y=225.60
Text: [ ] at X=51.55, Y=225.60
Text: [P] at X=53.78, Y=225.60
Text: [r] at X=59.11, Y=225.60
Text: [o] at X=61.78, Y=225.60
Text: [v] at X=66.22, Y=225.60
Text: [e] at X=70.22, Y=225.60
Text: [e] at X=74.67, Y=225.60
Text: [d] at X=79.12, Y=225.60
Text: [o] at X=83.57, Y=225.60
Text: [r] at X=88.02, Y=225.60
Text: [:] at X=90.68, Y=225.60
Text: [I] at X=244.00, Y=225.60
Text: [N] at X=246.22, Y=225.60
Text: [T] at X=252.00, Y=225.60
Text: [0] at X=256.89, Y=225.60
Text: [0] at X=261.34, Y=225.60
Text: [0] at X=265.78, Y=225.60
Text: [0] at X=270.23, Y=225.60
Text: [0] at X=274.68, Y=225.60
Text: [0] at X=279.13, Y=225.60
Text: [3] at X=283.58, Y=225.60
Text: [7] at X=288.02, Y=225.60
Text: [9] at X=292.47, Y=225.60
Text: [3] at X=296.92, Y=225.60
Text: [S] at X=24.00, Y=245.60
Text: [E] at X=29.34, Y=245.60
Text: [C] at X=34.67, Y=245.60
Text: [C] at X=40.45, Y=245.60
Text: [I] at X=46.22, Y=245.60
Text: [Ó] at X=48.45, Y=245.60
Text: [N] at X=54.67, Y=245.60
Text: [ ] at X=60.45, Y=245.60
Text: [I] at X=62.67, Y=245.60
Text: [V] at X=64.90, Y=245.60
Text: [ ] at X=70.23, Y=245.60
Text: [-] at X=72.46, Y=245.60
Text: [ ] at X=75.12, Y=245.60
Text: [I] at X=77.34, Y=245.60
Text: [N] at X=79.57, Y=245.60
Text: [F] at X=85.34, Y=245.60
Text: [O] at X=90.23, Y=245.60
Text: [R] at X=96.46, Y=245.60
Text: [M] at X=102.23, Y=245.60
Text: [A] at X=108.90, Y=245.60
Text: [C] at X=114.23, Y=245.60
Text: [I] at X=120.01, Y=245.60
Text: [Ó] at X=122.23, Y=245.60
Text: [N] at X=128.46, Y=245.60
Text: [ ] at X=134.23, Y=245.60
Text: [D] at X=136.46, Y=245.60
Text: [E] at X=142.23, Y=245.60
Text: [L] at X=147.57, Y=245.60
Text: [ ] at X=152.02, Y=245.60
Text: [G] at X=154.24, Y=245.60
Text: [A] at X=160.46, Y=245.60
Text: [S] at X=165.80, Y=245.60
Text: [T] at X=171.14, Y=245.60
Text: [O] at X=176.02, Y=245.60
Text: [O] at X=27.22, Y=260.72
Text: [R] at X=32.67, Y=260.72
Text: [D] at X=37.72, Y=260.72
Text: [D] at X=115.69, Y=260.72
Text: [E] at X=120.74, Y=260.72
Text: [S] at X=125.41, Y=260.72
Text: [C] at X=130.08, Y=260.72
Text: [R] at X=135.14, Y=260.72
Text: [I] at X=140.19, Y=260.72
Text: [P] at X=142.14, Y=260.72
Text: [C] at X=146.81, Y=260.72
Text: [I] at X=151.86, Y=260.72
Text: [Ó] at X=153.81, Y=260.72
Text: [N] at X=159.25, Y=260.72
Text: [C] at X=237.11, Y=260.72
Text: [A] at X=242.16, Y=260.72
Text: [N] at X=246.83, Y=260.72
Text: [T] at X=251.89, Y=260.72
Text: [I] at X=256.16, Y=260.72
Text: [D] at X=258.11, Y=260.72
Text: [A] at X=263.16, Y=260.72
Text: [D] at X=267.83, Y=260.72
Text: [P] at X=283.89, Y=260.72
Text: [R] at X=288.56, Y=260.72
Text: [E] at X=293.61, Y=260.72
Text: [C] at X=298.28, Y=260.72
Text: [I] at X=303.34, Y=260.72
Text: [O] at X=305.28, Y=260.72
Text: [ ] at X=310.73, Y=260.72
Text: [U] at X=312.67, Y=260.72
Text: [N] at X=317.73, Y=260.72
Text: [I] at X=322.78, Y=260.72
Text: [T] at X=324.73, Y=260.72
Text: [A] at X=329.01, Y=260.72
Text: [R] at X=333.67, Y=260.72
Text: [I] at X=338.73, Y=260.72
Text: [O] at X=340.67, Y=260.72
Text: [S] at X=366.52, Y=260.72
Text: [U] at X=371.19, Y=260.72
Text: [B] at X=376.24, Y=260.72
Text: [T] at X=380.91, Y=260.72
Text: [O] at X=385.19, Y=260.72
Text: [T] at X=390.64, Y=260.72
Text: [A] at X=394.91, Y=260.72
Text: [L] at X=399.58, Y=260.72
Text: [I] at X=434.36, Y=260.72
Text: [V] at X=436.31, Y=260.72
Text: [A] at X=440.98, Y=260.72
Text: [O] at X=469.39, Y=260.72
Text: [T] at X=474.84, Y=260.72
Text: [R] at X=479.11, Y=260.72
Text: [O] at X=484.17, Y=260.72
Text: [S] at X=489.61, Y=260.72
Text: [ ] at X=494.28, Y=260.72
Text: [I] at X=496.23, Y=260.72
Text: [M] at X=498.17, Y=260.72
Text: [P] at X=504.01, Y=260.72
Text: [.] at X=508.67, Y=260.72
Text: [T] at X=543.72, Y=260.72
Text: [O] at X=548.00, Y=260.72
Text: [T] at X=553.44, Y=260.72
Text: [A] at X=557.72, Y=260.72
Text: [L] at X=562.39, Y=260.72
Text: [C] at X=597.55, Y=260.72
Text: [Ó] at X=602.60, Y=260.72
Text: [D] at X=608.05, Y=260.72
Text: [I] at X=613.10, Y=260.72
Text: [G] at X=615.05, Y=260.72
Text: [O] at X=620.50, Y=260.72
Text: [ ] at X=625.94, Y=260.72
Text: [P] at X=627.89, Y=260.72
Text: [R] at X=632.56, Y=260.72
Text: [E] at X=637.61, Y=260.72
Text: [S] at X=642.28, Y=260.72
Text: [U] at X=646.95, Y=260.72
Text: [P] at X=652.00, Y=260.72
Text: [U] at X=656.67, Y=260.72
Text: [E] at X=661.73, Y=260.72
Text: [S] at X=666.40, Y=260.72
Text: [T] at X=671.06, Y=260.72
Text: [A] at X=675.34, Y=260.72
Text: [R] at X=680.01, Y=260.72
Text: [I] at X=685.06, Y=260.72
Text: [O] at X=687.01, Y=260.72
Text: [D] at X=727.36, Y=260.72
Text: [E] at X=732.41, Y=260.72
Text: [S] at X=737.08, Y=260.72
Text: [C] at X=741.75, Y=260.72
Text: [R] at X=746.81, Y=260.72
Text: [I] at X=751.86, Y=260.72
Text: [P] at X=753.81, Y=260.72
Text: [C] at X=758.48, Y=260.72
Text: [I] at X=763.53, Y=260.72
Text: [Ó] at X=765.48, Y=260.72
Text: [N] at X=770.92, Y=260.72
Text: [ ] at X=775.98, Y=260.72
Text: [I] at X=777.92, Y=260.72
Text: [T] at X=779.87, Y=260.72
Text: [E] at X=784.14, Y=260.72
Text: [M] at X=788.81, Y=260.72
Text: [1] at X=32.78, Y=293.60
Text: [P] at X=54.00, Y=283.68
Text: [a] at X=58.67, Y=283.68
Text: [g] at X=62.56, Y=283.68
Text: [o] at X=66.45, Y=283.68
Text: [ ] at X=70.34, Y=283.68
Text: [p] at X=72.29, Y=283.68
Text: [o] at X=76.18, Y=283.68
Text: [r] at X=80.07, Y=283.68
Text: [ ] at X=82.41, Y=283.68
Text: [p] at X=84.35, Y=283.68
Text: [u] at X=88.24, Y=283.68
Text: [b] at X=92.14, Y=283.68
Text: [l] at X=96.03, Y=283.68
Text: [i] at X=97.58, Y=283.68
Text: [c] at X=99.14, Y=283.68
Text: [a] at X=102.64, Y=283.68
Text: [c] at X=106.53, Y=283.68
Text: [i] at X=110.03, Y=283.68
Text: [ó] at X=111.58, Y=283.68
Text: [n] at X=115.47, Y=283.68
Text: [ ] at X=119.37, Y=283.68
Text: [d] at X=121.31, Y=283.68
Text: [e] at X=125.20, Y=283.68
Text: [ ] at X=129.10, Y=283.68
Text: [a] at X=131.04, Y=283.68
Text: [r] at X=134.93, Y=283.68
Text: [t] at X=137.26, Y=283.68
Text: [í] at X=139.21, Y=283.68
Text: [c] at X=141.16, Y=283.68
Text: [u] at X=144.66, Y=283.68
Text: [l] at X=148.55, Y=283.68
Text: [o] at X=150.10, Y=283.68
Text: [ ] at X=153.99, Y=283.68
Text: [t] at X=155.94, Y=283.68
Text: [i] at X=157.89, Y=283.68
Text: [t] at X=159.44, Y=283.68
Text: [u] at X=161.39, Y=283.68
Text: [l] at X=165.28, Y=283.68
Text: [a] at X=166.83, Y=283.68
Text: [d] at X=170.72, Y=283.68
Text: [o] at X=174.62, Y=283.68
Text: [ ] at X=178.51, Y=283.68
Text: [“] at X=180.45, Y=283.68
Text: [R] at X=182.79, Y=283.68
Text: [e] at X=187.84, Y=283.68
Text: [a] at X=191.73, Y=283.68
Text: [l] at X=195.62, Y=283.68
Text: [-] at X=197.18, Y=283.68
Text: [T] at X=199.51, Y=283.68
Text: [i] at X=203.79, Y=283.68
Text: [m] at X=205.34, Y=283.68
Text: [e] at X=211.17, Y=283.68
Text: [D] at X=54.00, Y=293.22
Text: [i] at X=59.05, Y=293.22
Text: [g] at X=60.61, Y=293.22
Text: [i] at X=64.50, Y=293.22
Text: [t] at X=66.05, Y=293.22
Text: [a] at X=68.00, Y=293.22
Text: [l] at X=71.89, Y=293.22
Text: [ ] at X=73.45, Y=293.22
Text: [T] at X=75.39, Y=293.22
Text: [w] at X=79.67, Y=293.22
Text: [i] at X=84.72, Y=293.22
Text: [n] at X=86.28, Y=293.22
Text: [ ] at X=90.17, Y=293.22
Text: [A] at X=92.11, Y=293.22
Text: [r] at X=96.78, Y=293.22
Text: [c] at X=99.11, Y=293.22
Text: [h] at X=102.61, Y=293.22
Text: [i] at X=106.51, Y=293.22
Text: [t] at X=108.06, Y=293.22
Text: [e] at X=110.01, Y=293.22
Text: [c] at X=113.90, Y=293.22
Text: [t] at X=117.40, Y=293.22
Text: [u] at X=119.34, Y=293.22
Text: [r] at X=123.24, Y=293.22
Text: [e] at X=125.57, Y=293.22
Text: [ ] at X=129.46, Y=293.22
Text: [f] at X=131.41, Y=293.22
Text: [o] at X=133.35, Y=293.22
Text: [r] at X=137.24, Y=293.22
Text: [ ] at X=139.57, Y=293.22
Text: [I] at X=141.52, Y=293.22
Text: [m] at X=143.47, Y=293.22
Text: [m] at X=149.30, Y=293.22
Text: [e] at X=155.13, Y=293.22
Text: [r] at X=159.02, Y=293.22
Text: [s] at X=161.35, Y=293.22
Text: [i] at X=164.85, Y=293.22
Text: [v] at X=166.41, Y=293.22
Text: [e] at X=169.91, Y=293.22
Text: [ ] at X=173.80, Y=293.22
Text: [I] at X=175.74, Y=293.22
Text: [n] at X=177.69, Y=293.22
Text: [d] at X=181.58, Y=293.22
Text: [u] at X=185.47, Y=293.22
Text: [s] at X=189.37, Y=293.22
Text: [t] at X=192.87, Y=293.22
Text: [r] at X=194.81, Y=293.22
Text: [i] at X=197.14, Y=293.22
Text: [a] at X=198.70, Y=293.22
Text: [l] at X=202.59, Y=293.22
Text: [A] at X=54.00, Y=302.75
Text: [u] at X=58.67, Y=302.75
Text: [t] at X=62.56, Y=302.75
Text: [o] at X=64.51, Y=302.75
Text: [m] at X=68.40, Y=302.75
Text: [a] at X=74.23, Y=302.75
Text: [t] at X=78.12, Y=302.75
Text: [i] at X=80.07, Y=302.75
Text: [o] at X=81.62, Y=302.75
Text: [n] at X=85.51, Y=302.75
Text: ["] at X=89.41, Y=302.75
Text: [1] at X=252.78, Y=293.60
Text: [2] at X=317.09, Y=293.60
Text: [5] at X=321.54, Y=293.60
Text: [5] at X=325.99, Y=293.60
Text: [0] at X=330.43, Y=293.60
Text: [,] at X=334.88, Y=293.60
Text: [2] at X=337.11, Y=293.60
Text: [1] at X=341.55, Y=293.60
Text: [2] at X=387.09, Y=293.60
Text: [5] at X=391.54, Y=293.60
Text: [5] at X=395.99, Y=293.60
Text: [0] at X=400.43, Y=293.60
Text: [,] at X=404.88, Y=293.60
Text: [2] at X=407.11, Y=293.60
Text: [1] at X=411.55, Y=293.60
Text: [-] at X=438.67, Y=293.60
Text: [0] at X=511.55, Y=293.60
Text: [2] at X=557.09, Y=293.60
Text: [5] at X=561.54, Y=293.60
Text: [5] at X=565.99, Y=293.60
Text: [0] at X=570.43, Y=293.60
Text: [,] at X=574.88, Y=293.60
Text: [2] at X=577.11, Y=293.60
Text: [1] at X=581.55, Y=293.60
Text: [8] at X=594.40, Y=288.45
Text: [3] at X=598.29, Y=288.45
Text: [ ] at X=602.18, Y=288.45
Text: [0] at X=604.13, Y=288.45
Text: [0] at X=608.02, Y=288.45
Text: [ ] at X=611.91, Y=288.45
Text: [0] at X=613.86, Y=288.45
Text: [0] at X=617.75, Y=288.45
Text: [0] at X=621.64, Y=288.45
Text: [ ] at X=625.54, Y=288.45
Text: [0] at X=627.48, Y=288.45
Text: [0] at X=631.37, Y=288.45
Text: [5] at X=635.27, Y=288.45
Text: [ ] at X=639.16, Y=288.45
Text: [5] at X=641.10, Y=288.45
Text: [3] at X=645.00, Y=288.45
Text: [0] at X=648.89, Y=288.45
Text: [2] at X=652.78, Y=288.45
Text: [0] at X=656.67, Y=288.45
Text: [4] at X=660.56, Y=288.45
Text: [ ] at X=664.46, Y=288.45
Text: [1] at X=666.40, Y=288.45
Text: [7] at X=670.29, Y=288.45
Text: [0] at X=674.19, Y=288.45
Text: [5] at X=678.08, Y=288.45
Text: [ ] at X=681.97, Y=288.45
Text: [0] at X=683.92, Y=288.45
Text: [0] at X=687.81, Y=288.45
Text: [3] at X=691.70, Y=288.45
Text: [0] at X=628.46, Y=297.98
Text: [0] at X=632.35, Y=297.98
Text: [0] at X=636.24, Y=297.98
Text: [0] at X=640.14, Y=297.98
Text: [ ] at X=644.03, Y=297.98
Text: [0] at X=645.97, Y=297.98
Text: [0] at X=649.87, Y=297.98
Text: [0] at X=653.76, Y=297.98
Text: [0] at X=657.65, Y=297.98
Text: [E] at X=704.00, Y=272.40
Text: [d] at X=708.00, Y=272.40
Text: [i] at X=711.34, Y=272.40
Text: [c] at X=712.67, Y=272.40
Text: [i] at X=715.67, Y=272.40
Text: [o] at X=717.00, Y=272.40
Text: [n] at X=720.34, Y=272.40
Text: [ ] at X=723.67, Y=272.40
Text: [I] at X=725.34, Y=272.40
Text: [m] at X=727.01, Y=272.40
Text: [p] at X=732.01, Y=272.40
Text: [r] at X=735.34, Y=272.40
Text: [e] at X=737.34, Y=272.40
Text: [s] at X=740.68, Y=272.40
Text: [i] at X=743.68, Y=272.40
Text: [o] at X=745.01, Y=272.40
Text: [n] at X=748.35, Y=272.40
Text: [ ] at X=751.68, Y=272.40
Text: [R] at X=753.35, Y=272.40
Text: [e] at X=757.68, Y=272.40
Text: [p] at X=761.02, Y=272.40
Text: [r] at X=764.35, Y=272.40
Text: [o] at X=766.35, Y=272.40
Text: [d] at X=769.69, Y=272.40
Text: [u] at X=773.02, Y=272.40
Text: [c] at X=776.36, Y=272.40
Text: [c] at X=779.36, Y=272.40
Text: [i] at X=782.36, Y=272.40
Text: [o] at X=783.69, Y=272.40
Text: [n] at X=787.03, Y=272.40
Text: [P] at X=704.00, Y=280.57
Text: [u] at X=708.00, Y=280.57
Text: [b] at X=711.34, Y=280.57
Text: [l] at X=714.67, Y=280.57
Text: [i] at X=716.01, Y=280.57
Text: [c] at X=717.34, Y=280.57
Text: [a] at X=720.34, Y=280.57
Text: [c] at X=723.67, Y=280.57
Text: [i] at X=726.67, Y=280.57
Text: [o] at X=728.01, Y=280.57
Text: [n] at X=731.34, Y=280.57
Text: [e] at X=734.68, Y=280.57
Text: [s] at X=738.01, Y=280.57
Text: [ ] at X=741.01, Y=280.57
Text: [S] at X=742.68, Y=280.57
Text: [u] at X=746.68, Y=280.57
Text: [s] at X=750.02, Y=280.57
Text: [c] at X=753.02, Y=280.57
Text: [r] at X=756.02, Y=280.57
Text: [i] at X=758.02, Y=280.57
Text: [p] at X=759.35, Y=280.57
Text: [c] at X=762.69, Y=280.57
Text: [i] at X=765.69, Y=280.57
Text: [o] at X=767.02, Y=280.57
Text: [n] at X=770.35, Y=280.57
Text: [e] at X=773.69, Y=280.57
Text: [s] at X=777.03, Y=280.57
Text: [ ] at X=780.03, Y=280.57
Text: [F] at X=781.69, Y=280.57
Text: [o] at X=785.36, Y=280.57
Text: [t] at X=788.70, Y=280.57
Text: [o] at X=790.36, Y=280.57
Text: [c] at X=793.70, Y=280.57
Text: [o] at X=796.70, Y=280.57
Text: [p] at X=800.04, Y=280.57
Text: [i] at X=803.37, Y=280.57
Text: [a] at X=804.70, Y=280.57
Text: [d] at X=808.04, Y=280.57
Text: [o] at X=811.38, Y=280.57
Text: [T] at X=704.00, Y=288.74
Text: [r] at X=707.67, Y=288.74
Text: [a] at X=709.66, Y=288.74
Text: [d] at X=713.00, Y=288.74
Text: [u] at X=716.34, Y=288.74
Text: [c] at X=719.67, Y=288.74
Text: [c] at X=722.67, Y=288.74
Text: [i] at X=725.67, Y=288.74
Text: [o] at X=727.00, Y=288.74
Text: [n] at X=730.34, Y=288.74
Text: [ ] at X=733.68, Y=288.74
Text: [E] at X=735.34, Y=288.74
Text: [m] at X=739.35, Y=288.74
Text: [p] at X=744.34, Y=288.74
Text: [a] at X=747.68, Y=288.74
Text: [s] at X=751.02, Y=288.74
Text: [t] at X=754.02, Y=288.74
Text: [a] at X=755.68, Y=288.74
Text: [d] at X=759.02, Y=288.74
Text: [o] at X=762.36, Y=288.74
Text: [ ] at X=765.69, Y=288.74
Text: [E] at X=767.36, Y=288.74
Text: [n] at X=771.36, Y=288.74
Text: [m] at X=774.70, Y=288.74
Text: [a] at X=779.70, Y=288.74
Text: [r] at X=783.03, Y=288.74
Text: [c] at X=785.03, Y=288.74
Text: [a] at X=788.03, Y=288.74
Text: [c] at X=791.37, Y=288.74
Text: [i] at X=794.37, Y=288.74
Text: [o] at X=795.70, Y=288.74
Text: [n] at X=799.03, Y=288.74
Text: [S] at X=704.00, Y=296.91
Text: [e] at X=708.00, Y=296.91
Text: [r] at X=711.34, Y=296.91
Text: [i] at X=713.34, Y=296.91
Text: [g] at X=714.67, Y=296.91
Text: [r] at X=718.00, Y=296.91
Text: [a] at X=720.00, Y=296.91
Text: [f] at X=723.34, Y=296.91
Text: [i] at X=725.01, Y=296.91
Text: [a] at X=726.34, Y=296.91
Text: [ ] at X=729.67, Y=296.91
Text: [F] at X=731.34, Y=296.91
Text: [o] at X=735.01, Y=296.91
Text: [t] at X=738.34, Y=296.91
Text: [o] at X=740.01, Y=296.91
Text: [g] at X=743.35, Y=296.91
Text: [r] at X=746.68, Y=296.91
Text: [a] at X=748.68, Y=296.91
Text: [f] at X=752.02, Y=296.91
Text: [i] at X=753.69, Y=296.91
Text: [a] at X=755.02, Y=296.91
Text: [ ] at X=758.35, Y=296.91
Text: [C] at X=760.02, Y=296.91
Text: [a] at X=764.35, Y=296.91
Text: [r] at X=767.69, Y=296.91
Text: [n] at X=769.69, Y=296.91
Text: [e] at X=773.02, Y=296.91
Text: [t] at X=776.36, Y=296.91
Text: [i] at X=778.03, Y=296.91
Text: [z] at X=779.36, Y=296.91
Text: [a] at X=782.36, Y=296.91
Text: [c] at X=785.70, Y=296.91
Text: [i] at X=788.70, Y=296.91
Text: [o] at X=790.03, Y=296.91
Text: [n] at X=793.36, Y=296.91
Text: [F] at X=704.00, Y=305.09
Text: [i] at X=707.67, Y=305.09
Text: [l] at X=709.00, Y=305.09
Text: [m] at X=710.33, Y=305.09
Text: [a] at X=715.33, Y=305.09
Text: [c] at X=718.66, Y=305.09
Text: [i] at X=721.66, Y=305.09
Text: [o] at X=723.00, Y=305.09
Text: [n] at X=726.33, Y=305.09
Text: [ ] at X=729.67, Y=305.09
Text: [e] at X=731.34, Y=305.09
Text: [ ] at X=734.67, Y=305.09
Text: [I] at X=736.34, Y=305.09
Text: [m] at X=738.01, Y=305.09
Text: [a] at X=743.01, Y=305.09
Text: [g] at X=746.34, Y=305.09
Text: [e] at X=749.68, Y=305.09
Text: [n] at X=753.01, Y=305.09
Text: [e] at X=756.35, Y=305.09
Text: [s] at X=759.69, Y=305.09
Text: [ ] at X=762.69, Y=305.09
Text: [S] at X=764.35, Y=305.09
Text: [a] at X=768.36, Y=305.09
Text: [t] at X=771.69, Y=305.09
Text: [e] at X=773.36, Y=305.09
Text: [l] at X=776.70, Y=305.09
Text: [i] at X=778.03, Y=305.09
Text: [t] at X=779.36, Y=305.09
Text: [a] at X=781.03, Y=305.09
Text: [l] at X=784.36, Y=305.09
Text: [e] at X=785.70, Y=305.09
Text: [s] at X=789.03, Y=305.09
Text: [T] at X=220.19, Y=326.60
Text: [O] at X=225.08, Y=326.60
Text: [T] at X=231.30, Y=326.60
Text: [A] at X=236.19, Y=326.60
Text: [L] at X=241.53, Y=326.60
Text: [ ] at X=245.97, Y=326.60
Text: [D] at X=248.20, Y=326.60
Text: [E] at X=253.97, Y=326.60
Text: [ ] at X=259.31, Y=326.60
Text: [L] at X=261.53, Y=326.60
Text: [A] at X=265.98, Y=326.60
Text: [ ] at X=271.32, Y=326.60
Text: [O] at X=273.54, Y=326.60
Text: [R] at X=279.77, Y=326.60
Text: [D] at X=285.54, Y=326.60
Text: [E] at X=291.32, Y=326.60
Text: [N] at X=296.65, Y=326.60
Text: [ ] at X=302.43, Y=326.60
Text: [D] at X=304.65, Y=326.60
Text: [E] at X=310.43, Y=326.60
Text: [ ] at X=315.77, Y=326.60
Text: [G] at X=317.99, Y=326.60
Text: [A] at X=324.21, Y=326.60
Text: [S] at X=329.55, Y=326.60
Text: [T] at X=334.89, Y=326.60
Text: [O] at X=339.77, Y=326.60
Text: [2] at X=387.09, Y=326.60
Text: [5] at X=391.54, Y=326.60
Text: [5] at X=395.99, Y=326.60
Text: [0] at X=400.43, Y=326.60
Text: [,] at X=404.88, Y=326.60
Text: [2] at X=407.11, Y=326.60
Text: [1] at X=411.55, Y=326.60
Text: [0] at X=437.78, Y=326.60
Text: [0] at X=511.55, Y=326.60
Text: [2] at X=557.09, Y=326.60
Text: [5] at X=561.54, Y=326.60
Text: [5] at X=565.99, Y=326.60
Text: [0] at X=570.43, Y=326.60
Text: [,] at X=574.88, Y=326.60
Text: [2] at X=577.11, Y=326.60
Text: [1] at X=581.55, Y=326.60
Text: [S] at X=24.00, Y=346.60
Text: [E] at X=29.34, Y=346.60
Text: [C] at X=34.67, Y=346.60
Text: [C] at X=40.45, Y=346.60
Text: [I] at X=46.22, Y=346.60
Text: [Ó] at X=48.45, Y=346.60
Text: [N] at X=54.67, Y=346.60
Text: [ ] at X=60.45, Y=346.60
Text: [V] at X=62.67, Y=346.60
Text: [ ] at X=68.01, Y=346.60
Text: [-] at X=70.23, Y=346.60
Text: [ ] at X=72.90, Y=346.60
Text: [F] at X=75.12, Y=346.60
Text: [I] at X=80.01, Y=346.60
Text: [R] at X=82.23, Y=346.60
Text: [M] at X=88.01, Y=346.60
Text: [A] at X=94.67, Y=346.60
Text: [S] at X=100.01, Y=346.60
Text: [ ] at X=105.34, Y=346.60
Text: [D] at X=107.57, Y=346.60
Text: [E] at X=113.34, Y=346.60
Text: [ ] at X=118.68, Y=346.60
Text: [R] at X=120.90, Y=346.60
Text: [E] at X=126.68, Y=346.60
Text: [S] at X=132.02, Y=346.60
Text: [P] at X=137.35, Y=346.60
Text: [O] at X=142.69, Y=346.60
Text: [N] at X=148.91, Y=346.60
Text: [S] at X=154.69, Y=346.60
Text: [A] at X=160.02, Y=346.60
Text: [B] at X=165.36, Y=346.60
Text: [I] at X=170.70, Y=346.60
Text: [L] at X=172.92, Y=346.60
Text: [I] at X=177.37, Y=346.60
Text: [D] at X=179.59, Y=346.60
Text: [A] at X=185.37, Y=346.60
Text: [D] at X=190.70, Y=346.60
Text: [S] at X=118.38, Y=361.60
Text: [O] at X=123.72, Y=361.60
Text: [L] at X=129.94, Y=361.60
Text: [I] at X=134.39, Y=361.60
Text: [C] at X=136.61, Y=361.60
Text: [I] at X=142.39, Y=361.60
Text: [T] at X=144.61, Y=361.60
Text: [A] at X=149.50, Y=361.60
Text: [D] at X=154.84, Y=361.60
Text: [O] at X=160.61, Y=361.60
Text: [ ] at X=166.84, Y=361.60
Text: [P] at X=169.06, Y=361.60
Text: [O] at X=174.40, Y=361.60
Text: [R] at X=180.62, Y=361.60
Text: [:] at X=186.40, Y=361.60
Text: [P] at X=384.99, Y=361.60
Text: [R] at X=390.33, Y=361.60
Text: [E] at X=396.10, Y=361.60
Text: [P] at X=401.44, Y=361.60
Text: [A] at X=406.77, Y=361.60
Text: [R] at X=412.11, Y=361.60
Text: [A] at X=417.89, Y=361.60
Text: [D] at X=423.22, Y=361.60
Text: [O] at X=429.00, Y=361.60
Text: [ ] at X=435.22, Y=361.60
Text: [P] at X=437.45, Y=361.60
Text: [O] at X=442.78, Y=361.60
Text: [R] at X=449.01, Y=361.60
Text: [:] at X=454.78, Y=361.60
Text: [A] at X=651.38, Y=361.60
Text: [U] at X=656.72, Y=361.60
Text: [T] at X=662.49, Y=361.60
Text: [O] at X=667.38, Y=361.60
Text: [R] at X=673.60, Y=361.60
Text: [I] at X=679.38, Y=361.60
Text: [Z] at X=681.60, Y=361.60
Text: [A] at X=686.49, Y=361.60
Text: [D] at X=691.83, Y=361.60
Text: [O] at X=697.60, Y=361.60
Text: [ ] at X=703.83, Y=361.60
Text: [P] at X=706.05, Y=361.60
Text: [O] at X=711.39, Y=361.60
Text: [R] at X=717.61, Y=361.60
Text: [:] at X=723.39, Y=361.60
Text: [[] at X=20.00, Y=375.38
Text: [F] at X=22.77, Y=375.38
Text: [1] at X=28.87, Y=375.38
Text: []] at X=34.43, Y=375.38
Text: [[] at X=287.00, Y=375.38
Text: [F] at X=289.77, Y=375.38
Text: [2] at X=295.87, Y=375.38
Text: []] at X=301.43, Y=375.38
Text: [[] at X=555.00, Y=375.38
Text: [F] at X=557.77, Y=375.38
Text: [3] at X=563.87, Y=375.38
Text: []] at X=569.43, Y=375.38
Text: [I] at X=92.23, Y=452.95
Text: [n] at X=94.18, Y=452.95
Text: [g] at X=98.07, Y=452.95
Text: [.] at X=101.96, Y=452.95
Text: [ ] at X=103.91, Y=452.95
Text: [J] at X=105.85, Y=452.95
Text: [e] at X=109.35, Y=452.95
Text: [s] at X=113.24, Y=452.95
Text: [s] at X=116.74, Y=452.95
Text: [i] at X=120.24, Y=452.95
Text: [c] at X=121.80, Y=452.95
Text: [a] at X=125.30, Y=452.95
Text: [ ] at X=129.19, Y=452.95
Text: [S] at X=131.14, Y=452.95
Text: [o] at X=135.81, Y=452.95
Text: [f] at X=139.70, Y=452.95
Text: [i] at X=141.64, Y=452.95
Text: [a] at X=143.20, Y=452.95
Text: [ ] at X=147.09, Y=452.95
Text: [O] at X=149.04, Y=452.95
Text: [r] at X=154.48, Y=452.95
Text: [t] at X=156.81, Y=452.95
Text: [i] at X=158.76, Y=452.95
Text: [z] at X=160.31, Y=452.95
Text: [ ] at X=163.81, Y=452.95
Text: [M] at X=165.76, Y=452.95
Text: [o] at X=171.59, Y=452.95
Text: [r] at X=175.48, Y=452.95
Text: [e] at X=177.81, Y=452.95
Text: [a] at X=181.70, Y=452.95
Text: [n] at X=185.60, Y=452.95
Text: [o] at X=189.49, Y=452.95
Text: [,] at X=193.38, Y=452.95
Text: [ ] at X=195.33, Y=452.95
Text: [P] at X=197.27, Y=452.95
Text: [h] at X=201.94, Y=452.95
Text: [.] at X=205.83, Y=452.95
Text: [D] at X=207.78, Y=452.95
Text: [.] at X=212.83, Y=452.95
Text: [C] at X=128.59, Y=462.48
Text: [I] at X=133.64, Y=462.48
Text: [:] at X=135.59, Y=462.48
Text: [ ] at X=137.54, Y=462.48
Text: [0] at X=139.48, Y=462.48
Text: [6] at X=143.37, Y=462.48
Text: [0] at X=147.27, Y=462.48
Text: [3] at X=151.16, Y=462.48
Text: [9] at X=155.05, Y=462.48
Text: [2] at X=158.94, Y=462.48
Text: [4] at X=162.83, Y=462.48
Text: [2] at X=166.73, Y=462.48
Text: [2] at X=170.62, Y=462.48
Text: [6] at X=174.51, Y=462.48
Text: [I] at X=365.75, Y=452.95
Text: [n] at X=367.70, Y=452.95
Text: [g] at X=371.59, Y=452.95
Text: [.] at X=375.48, Y=452.95
Text: [ ] at X=377.43, Y=452.95
Text: [L] at X=379.37, Y=452.95
Text: [a] at X=383.26, Y=452.95
Text: [u] at X=387.16, Y=452.95
Text: [r] at X=391.05, Y=452.95
Text: [a] at X=393.38, Y=452.95
Text: [ ] at X=397.27, Y=452.95
Text: [M] at X=399.22, Y=452.95
Text: [a] at X=405.05, Y=452.95
Text: [r] at X=408.94, Y=452.95
Text: [í] at X=411.27, Y=452.95
Text: [a] at X=413.22, Y=452.95
Text: [ ] at X=417.11, Y=452.95
Text: [C] at X=419.06, Y=452.95
Text: [e] at X=424.11, Y=452.95
Text: [d] at X=428.00, Y=452.95
Text: [a] at X=431.89, Y=452.95
Text: [m] at X=435.79, Y=452.95
Text: [a] at X=441.62, Y=452.95
Text: [n] at X=445.51, Y=452.95
Text: [o] at X=449.40, Y=452.95
Text: [ ] at X=453.29, Y=452.95
Text: [G] at X=455.24, Y=452.95
Text: [a] at X=460.68, Y=452.95
Text: [r] at X=464.58, Y=452.95
Text: [c] at X=466.91, Y=452.95
Text: [í] at X=470.41, Y=452.95
Text: [a] at X=472.35, Y=452.95
Text: [C] at X=396.09, Y=462.48
Text: [I] at X=401.14, Y=462.48
Text: [:] at X=403.09, Y=462.48
Text: [ ] at X=405.04, Y=462.48
Text: [1] at X=406.98, Y=462.48
Text: [7] at X=410.87, Y=462.48
Text: [1] at X=414.77, Y=462.48
Text: [2] at X=418.66, Y=462.48
Text: [5] at X=422.55, Y=462.48
Text: [2] at X=426.44, Y=462.48
Text: [2] at X=430.33, Y=462.48
Text: [0] at X=434.23, Y=462.48
Text: [2] at X=438.12, Y=462.48
Text: [6] at X=442.01, Y=462.48
Text: [I] at X=616.52, Y=452.95
Text: [n] at X=618.47, Y=452.95
Text: [g] at X=622.36, Y=452.95
Text: [.] at X=626.25, Y=452.95
Text: [ ] at X=628.20, Y=452.95
Text: [S] at X=630.14, Y=452.95
Text: [o] at X=634.81, Y=452.95
Text: [n] at X=638.70, Y=452.95
Text: [i] at X=642.60, Y=452.95
Text: [a] at X=644.15, Y=452.95
Text: [ ] at X=648.04, Y=452.95
Text: [E] at X=649.99, Y=452.95
Text: [l] at X=654.66, Y=452.95
Text: [i] at X=656.21, Y=452.95
Text: [z] at X=657.76, Y=452.95
Text: [a] at X=661.26, Y=452.95
Text: [b] at X=665.16, Y=452.95
Text: [e] at X=669.05, Y=452.95
Text: [t] at X=672.94, Y=452.95
Text: [h] at X=674.89, Y=452.95
Text: [ ] at X=678.78, Y=452.95
Text: [C] at X=680.72, Y=452.95
Text: [á] at X=685.78, Y=452.95
Text: [r] at X=689.67, Y=452.95
Text: [d] at X=692.00, Y=452.95
Text: [e] at X=695.89, Y=452.95
Text: [n] at X=699.79, Y=452.95
Text: [a] at X=703.68, Y=452.95
Text: [s] at X=707.57, Y=452.95
Text: [ ] at X=711.07, Y=452.95
Text: [D] at X=713.02, Y=452.95
Text: [e] at X=718.07, Y=452.95
Text: [l] at X=721.96, Y=452.95
Text: [g] at X=723.52, Y=452.95
Text: [a] at X=727.41, Y=452.95
Text: [d] at X=731.30, Y=452.95
Text: [o] at X=735.19, Y=452.95
Text: [,] at X=739.08, Y=452.95
Text: [ ] at X=741.03, Y=452.95
Text: [P] at X=742.98, Y=452.95
Text: [h] at X=747.64, Y=452.95
Text: [.] at X=751.54, Y=452.95
Text: [D] at X=753.48, Y=452.95
Text: [.] at X=758.54, Y=452.95
Text: [C] at X=663.59, Y=462.48
Text: [I] at X=668.64, Y=462.48
Text: [:] at X=670.59, Y=462.48
Text: [ ] at X=672.54, Y=462.48
Text: [1] at X=674.48, Y=462.48
Text: [7] at X=678.37, Y=462.48
Text: [1] at X=682.27, Y=462.48
Text: [3] at X=686.16, Y=462.48
Text: [2] at X=690.05, Y=462.48
Text: [6] at X=693.94, Y=462.48
Text: [1] at X=697.83, Y=462.48
Text: [1] at X=701.73, Y=462.48
Text: [6] at X=705.62, Y=462.48
Text: [0] at X=709.51, Y=462.48
Text: [S] at X=133.83, Y=483.33
Text: [O] at X=137.83, Y=483.33
Text: [L] at X=142.50, Y=483.33
Text: [I] at X=145.84, Y=483.33
Text: [C] at X=147.50, Y=483.33
Text: [I] at X=151.84, Y=483.33
Text: [T] at X=153.50, Y=483.33
Text: [A] at X=157.17, Y=483.33
Text: [N] at X=161.17, Y=483.33
Text: [T] at X=165.50, Y=483.33
Text: [E] at X=169.17, Y=483.33
Text: [R] at X=295.47, Y=483.33
Text: [E] at X=299.80, Y=483.33
Text: [S] at X=303.80, Y=483.33
Text: [P] at X=307.81, Y=483.33
Text: [O] at X=311.81, Y=483.33
Text: [N] at X=316.48, Y=483.33
Text: [S] at X=320.81, Y=483.33
Text: [A] at X=324.81, Y=483.33
Text: [B] at X=328.81, Y=483.33
Text: [L] at X=332.81, Y=483.33
Text: [E] at X=336.15, Y=483.33
Text: [ ] at X=340.15, Y=483.33
Text: [D] at X=341.82, Y=483.33
Text: [E] at X=346.15, Y=483.33
Text: [ ] at X=350.15, Y=483.33
Text: [L] at X=351.82, Y=483.33
Text: [A] at X=355.16, Y=483.33
Text: [ ] at X=359.16, Y=483.33
Text: [P] at X=360.83, Y=483.33
Text: [L] at X=364.83, Y=483.33
Text: [A] at X=368.17, Y=483.33
Text: [N] at X=372.17, Y=483.33
Text: [I] at X=376.50, Y=483.33
Text: [F] at X=378.17, Y=483.33
Text: [I] at X=381.83, Y=483.33
Text: [C] at X=383.50, Y=483.33
Text: [A] at X=387.83, Y=483.33
Text: [C] at X=391.84, Y=483.33
Text: [I] at X=396.17, Y=483.33
Text: [Ó] at X=397.84, Y=483.33
Text: [N] at X=402.50, Y=483.33
Text: [ ] at X=406.84, Y=483.33
Text: [/] at X=408.50, Y=483.33
Text: [ ] at X=410.17, Y=483.33
Text: [E] at X=411.84, Y=483.33
Text: [J] at X=415.84, Y=483.33
Text: [E] at X=418.84, Y=483.33
Text: [C] at X=422.84, Y=483.33
Text: [U] at X=427.18, Y=483.33
Text: [C] at X=431.51, Y=483.33
Text: [I] at X=435.84, Y=483.33
Text: [Ó] at X=437.51, Y=483.33
Text: [N] at X=442.18, Y=483.33
Text: [ ] at X=446.51, Y=483.33
Text: [P] at X=448.18, Y=483.33
Text: [R] at X=452.18, Y=483.33
Text: [E] at X=456.51, Y=483.33
Text: [S] at X=460.51, Y=483.33
Text: [U] at X=464.51, Y=483.33
Text: [P] at X=468.85, Y=483.33
Text: [U] at X=472.85, Y=483.33
Text: [E] at X=477.18, Y=483.33
Text: [S] at X=481.18, Y=483.33
Text: [T] at X=485.18, Y=483.33
Text: [A] at X=488.85, Y=483.33
Text: [R] at X=492.85, Y=483.33
Text: [I] at X=497.18, Y=483.33
Text: [A] at X=498.85, Y=483.33
Text: [ ] at X=502.85, Y=483.33
Text: [D] at X=504.52, Y=483.33
Text: [E] at X=508.85, Y=483.33
Text: [ ] at X=512.86, Y=483.33
Text: [L] at X=514.52, Y=483.33
Text: [A] at X=517.86, Y=483.33
Text: [ ] at X=521.86, Y=483.33
Text: [U] at X=523.53, Y=483.33
Text: [N] at X=527.86, Y=483.33
Text: [I] at X=532.19, Y=483.33
Text: [D] at X=533.86, Y=483.33
Text: [A] at X=538.19, Y=483.33
Text: [D] at X=542.20, Y=483.33
Text: [D] at X=652.99, Y=479.24
Text: [I] at X=657.32, Y=479.24
Text: [R] at X=658.99, Y=479.24
Text: [E] at X=663.32, Y=479.24
Text: [C] at X=667.32, Y=479.24
Text: [T] at X=671.66, Y=479.24
Text: [O] at X=675.32, Y=479.24
Text: [R] at X=679.99, Y=479.24
Text: [A] at X=684.32, Y=479.24
Text: [ ] at X=688.32, Y=479.24
Text: [D] at X=689.99, Y=479.24
Text: [E] at X=694.32, Y=479.24
Text: [ ] at X=698.33, Y=479.24
Text: [L] at X=699.99, Y=479.24
Text: [A] at X=703.33, Y=479.24
Text: [ ] at X=707.33, Y=479.24
Text: [U] at X=709.00, Y=479.24
Text: [G] at X=713.33, Y=479.24
Text: [I] at X=718.00, Y=479.24
Text: [N] at X=719.67, Y=479.24
Text: [O] at X=652.66, Y=487.41
Text: [R] at X=657.33, Y=487.41
Text: [D] at X=661.66, Y=487.41
Text: [E] at X=665.99, Y=487.41
Text: [N] at X=669.99, Y=487.41
Text: [A] at X=674.33, Y=487.41
Text: [D] at X=678.33, Y=487.41
Text: [O] at X=682.66, Y=487.41
Text: [R] at X=687.33, Y=487.41
Text: [ ] at X=691.66, Y=487.41
Text: [D] at X=693.33, Y=487.41
Text: [E] at X=697.66, Y=487.41
Text: [ ] at X=701.66, Y=487.41
Text: [G] at X=703.33, Y=487.41
Text: [A] at X=708.00, Y=487.41
Text: [S] at X=712.00, Y=487.41
Text: [T] at X=716.00, Y=487.41
Text: [O] at X=719.67, Y=487.41
Text: [A] at X=20.00, Y=506.72
Text: [p] at X=24.67, Y=506.72
Text: [r] at X=28.56, Y=506.72
Text: [o] at X=30.89, Y=506.72
Text: [b] at X=34.78, Y=506.72
Text: [a] at X=38.68, Y=506.72
Text: [d] at X=42.57, Y=506.72
Text: [o] at X=46.46, Y=506.72
Text: [ ] at X=50.35, Y=506.72
Text: [p] at X=52.30, Y=506.72
Text: [o] at X=56.19, Y=506.72
Text: [r] at X=60.08, Y=506.72
Text: [ ] at X=62.41, Y=506.72
Text: [I] at X=64.36, Y=506.72
Text: [n] at X=66.30, Y=506.72
Text: [f] at X=70.20, Y=506.72
Text: [o] at X=72.14, Y=506.72
Text: [r] at X=76.03, Y=506.72
Text: [m] at X=78.37, Y=506.72
Text: [e] at X=84.20, Y=506.72
Text: [ ] at X=88.09, Y=506.72
Text: [d] at X=90.03, Y=506.72
Text: [e] at X=93.93, Y=506.72
Text: [ ] at X=97.82, Y=506.72
Text: [p] at X=99.76, Y=506.72
Text: [e] at X=103.66, Y=506.72
Text: [r] at X=107.55, Y=506.72
Text: [t] at X=109.88, Y=506.72
Text: [i] at X=111.83, Y=506.72
Text: [n] at X=113.38, Y=506.72
Text: [e] at X=117.27, Y=506.72
Text: [n] at X=121.16, Y=506.72
Text: [c] at X=125.06, Y=506.72
Text: [i] at X=128.56, Y=506.72
Text: [a] at X=130.11, Y=506.72
Text: [ ] at X=134.00, Y=506.72
Text: [V] at X=135.95, Y=506.72
Text: [I] at X=140.62, Y=506.72
Text: [I] at X=142.56, Y=506.72
Text: [T] at X=144.51, Y=506.72
Text: [-] at X=148.79, Y=506.72
Text: [2] at X=151.12, Y=506.72
Text: [0] at X=155.01, Y=506.72
Text: [2] at X=158.90, Y=506.72
Text: [6] at X=162.79, Y=506.72
Text: [-] at X=166.68, Y=506.72
Text: [0] at X=169.02, Y=506.72
Text: [2] at X=172.91, Y=506.72
Text: [8] at X=176.80, Y=506.72
Text: [,] at X=180.69, Y=506.72
Text: [ ] at X=182.64, Y=506.72
Text: [I] at X=184.58, Y=506.72
Text: [n] at X=186.53, Y=506.72
Text: [g] at X=190.42, Y=506.72
Text: [.] at X=194.31, Y=506.72
Text: [ ] at X=196.26, Y=506.72
Text: [D] at X=198.21, Y=506.72
Text: [a] at X=203.26, Y=506.72
Text: [v] at X=207.15, Y=506.72
Text: [i] at X=210.65, Y=506.72
Text: [d] at X=212.21, Y=506.72
Text: [ ] at X=216.10, Y=506.72
Text: [E] at X=218.04, Y=506.72
Text: [s] at X=222.71, Y=506.72
Text: [t] at X=226.21, Y=506.72
Text: [e] at X=228.16, Y=506.72
Text: [b] at X=232.05, Y=506.72
Text: [a] at X=235.94, Y=506.72
Text: [n] at X=239.83, Y=506.72
Text: [ ] at X=243.73, Y=506.72
Text: [G] at X=245.67, Y=506.72
Text: [a] at X=251.12, Y=506.72
Text: [l] at X=255.01, Y=506.72
Text: [a] at X=256.56, Y=506.72
Text: [r] at X=260.46, Y=506.72
Text: [z] at X=262.79, Y=506.72
Text: [a] at X=266.29, Y=506.72
Text: [ ] at X=270.18, Y=506.72
Text: [G] at X=272.13, Y=506.72
Text: [a] at X=277.57, Y=506.72
Text: [r] at X=281.46, Y=506.72
Text: [c] at X=283.79, Y=506.72
Text: [í] at X=287.29, Y=506.72
Text: [a] at X=289.24, Y=506.72
Text: [,] at X=293.13, Y=506.72
Text: [ ] at X=295.08, Y=506.72
Text: [M] at X=297.02, Y=506.72
Text: [g] at X=302.86, Y=506.72
Text: [t] at X=306.75, Y=506.72
Text: [r] at X=308.69, Y=506.72
Text: [.] at X=311.02, Y=506.72
Text: [*] at X=20.00, Y=520.24
Text: [ ] at X=22.33, Y=520.24
Text: [P] at X=24.00, Y=520.24
Text: [a] at X=28.00, Y=520.24
Text: [r] at X=31.34, Y=520.24
Text: [a] at X=33.34, Y=520.24
Text: [ ] at X=36.67, Y=520.24
Text: [t] at X=38.34, Y=520.24
Text: [r] at X=40.01, Y=520.24
Text: [á] at X=42.01, Y=520.24
Text: [m] at X=45.34, Y=520.24
Text: [i] at X=50.34, Y=520.24
Text: [t] at X=51.67, Y=520.24
Text: [e] at X=53.34, Y=520.24
Text: [ ] at X=56.68, Y=520.24
Text: [d] at X=58.35, Y=520.24
Text: [e] at X=61.68, Y=520.24
Text: [ ] at X=65.02, Y=520.24
Text: [p] at X=66.69, Y=520.24
Text: [u] at X=70.02, Y=520.24
Text: [b] at X=73.36, Y=520.24
Text: [l] at X=76.69, Y=520.24
Text: [i] at X=78.03, Y=520.24
Text: [c] at X=79.36, Y=520.24
Text: [a] at X=82.36, Y=520.24
Text: [c] at X=85.69, Y=520.24
Text: [i] at X=88.69, Y=520.24
Text: [o] at X=90.03, Y=520.24
Text: [n] at X=93.36, Y=520.24
Text: [e] at X=96.70, Y=520.24
Text: [s] at X=100.03, Y=520.24
Text: [/] at X=103.03, Y=520.24
Text: [m] at X=104.70, Y=520.24
Text: [o] at X=109.70, Y=520.24
Text: [v] at X=113.04, Y=520.24
Text: [i] at X=116.04, Y=520.24
Text: [l] at X=117.37, Y=520.24
Text: [i] at X=118.70, Y=520.24
Text: [z] at X=120.03, Y=520.24
Text: [a] at X=123.03, Y=520.24
Text: [c] at X=126.37, Y=520.24
Text: [i] at X=129.37, Y=520.24
Text: [ó] at X=130.70, Y=520.24
Text: [n] at X=134.04, Y=520.24
Text: [ ] at X=137.37, Y=520.24
Text: [c] at X=139.04, Y=520.24
Text: [o] at X=142.04, Y=520.24
Text: [n] at X=145.38, Y=520.24
Text: [ ] at X=148.71, Y=520.24
Text: [f] at X=150.38, Y=520.24
Text: [i] at X=152.05, Y=520.24
Text: [n] at X=153.38, Y=520.24
Text: [e] at X=156.72, Y=520.24
Text: [s] at X=160.05, Y=520.24
Text: [ ] at X=163.05, Y=520.24
Text: [d] at X=164.72, Y=520.24
Text: [e] at X=168.06, Y=520.24
Text: [ ] at X=171.39, Y=520.24
Text: [i] at X=173.06, Y=520.24
Text: [n] at X=174.39, Y=520.24
Text: [v] at X=177.73, Y=520.24
Text: [e] at X=180.73, Y=520.24
Text: [s] at X=184.06, Y=520.24
Text: [t] at X=187.06, Y=520.24
Text: [i] at X=188.73, Y=520.24
Text: [g] at X=190.06, Y=520.24
Text: [a] at X=193.40, Y=520.24
Text: [c] at X=196.74, Y=520.24
Text: [i] at X=199.74, Y=520.24
Text: [ó] at X=201.07, Y=520.24
Text: [n] at X=204.40, Y=520.24
Text: [ ] at X=207.74, Y=520.24
Text: [i] at X=209.41, Y=520.24
Text: [n] at X=210.74, Y=520.24
Text: [c] at X=214.08, Y=520.24
Text: [l] at X=217.08, Y=520.24
Text: [u] at X=218.41, Y=520.24
Text: [i] at X=221.74, Y=520.24
Text: [r] at X=223.08, Y=520.24
Text: [ ] at X=225.07, Y=520.24
Text: [f] at X=226.74, Y=520.24
Text: [i] at X=228.41, Y=520.24
Text: [r] at X=229.74, Y=520.24
Text: [m] at X=231.74, Y=520.24
Text: [a] at X=236.74, Y=520.24
Text: [s] at X=240.07, Y=520.24
Text: [ ] at X=243.07, Y=520.24
Text: [d] at X=244.74, Y=520.24
Text: [e] at X=248.08, Y=520.24
Text: [ ] at X=251.41, Y=520.24
Text: [b] at X=253.08, Y=520.24
Text: [e] at X=256.42, Y=520.24
Text: [n] at X=259.75, Y=520.24
Text: [e] at X=263.09, Y=520.24
Text: [f] at X=266.43, Y=520.24
Text: [i] at X=268.09, Y=520.24
Text: [c] at X=269.43, Y=520.24
Text: [i] at X=272.43, Y=520.24
Text: [a] at X=273.76, Y=520.24
Text: [r] at X=277.09, Y=520.24
Text: [i] at X=279.09, Y=520.24
Text: [o] at X=280.42, Y=520.24
Text: [s] at X=283.76, Y=520.24
Text: [*] at X=20.00, Y=528.41
Text: [*] at X=22.33, Y=528.41
Text: [ ] at X=24.67, Y=528.41
Text: [P] at X=26.34, Y=528.41
Text: [a] at X=30.34, Y=528.41
Text: [r] at X=33.67, Y=528.41
Text: [a] at X=35.67, Y=528.41
Text: [ ] at X=39.01, Y=528.41
Text: [f] at X=40.68, Y=528.41
Text: [r] at X=42.34, Y=528.41
Text: [á] at X=44.34, Y=528.41
Text: [m] at X=47.68, Y=528.41
Text: [i] at X=52.68, Y=528.41
Text: [t] at X=54.01, Y=528.41
Text: [e] at X=55.68, Y=528.41
Text: [ ] at X=59.01, Y=528.41
Text: [d] at X=60.68, Y=528.41
Text: [e] at X=64.02, Y=528.41
Text: [ ] at X=67.35, Y=528.41
Text: [p] at X=69.02, Y=528.41
Text: [r] at X=72.36, Y=528.41
Text: [o] at X=74.35, Y=528.41
Text: [y] at X=77.69, Y=528.41
Text: [e] at X=80.69, Y=528.41
Text: [c] at X=84.03, Y=528.41
Text: [t] at X=87.03, Y=528.41
Text: [o] at X=88.69, Y=528.41
Text: [s] at X=92.03, Y=528.41
Text: [ ] at X=95.03, Y=528.41
Text: [c] at X=96.70, Y=528.41
Text: [o] at X=99.70, Y=528.41
Text: [n] at X=103.03, Y=528.41
Text: [ ] at X=106.37, Y=528.41
Text: [c] at X=108.04, Y=528.41
Text: [o] at X=111.04, Y=528.41
Text: [-] at X=114.37, Y=528.41
Text: [ ] at X=116.37, Y=528.41
Text: [e] at X=118.04, Y=528.41
Text: [j] at X=121.38, Y=528.41
Text: [e] at X=122.71, Y=528.41
Text: [c] at X=126.04, Y=528.41
Text: [u] at X=129.04, Y=528.41
Text: [c] at X=132.38, Y=528.41
Text: [i] at X=135.38, Y=528.41
Text: [ó] at X=136.71, Y=528.41
Text: [n] at X=140.05, Y=528.41
Text: [ ] at X=143.38, Y=528.41
Text: [i] at X=145.05, Y=528.41
Text: [n] at X=146.38, Y=528.41
Text: [c] at X=149.72, Y=528.41
Text: [l] at X=152.72, Y=528.41
Text: [u] at X=154.05, Y=528.41
Text: [i] at X=157.39, Y=528.41
Text: [r] at X=158.72, Y=528.41
Text: [ ] at X=160.72, Y=528.41
Text: [l] at X=162.39, Y=528.41
Text: [a] at X=163.72, Y=528.41
Text: [ ] at X=167.05, Y=528.41
Text: [f] at X=168.72, Y=528.41
Text: [i] at X=170.39, Y=528.41
Text: [r] at X=171.72, Y=528.41
Text: [m] at X=173.72, Y=528.41
Text: [a] at X=178.72, Y=528.41
Text: [ ] at X=182.05, Y=528.41
Text: [d] at X=183.72, Y=528.41
Text: [e] at X=187.06, Y=528.41
Text: [l] at X=190.39, Y=528.41
Text: [ ] at X=191.73, Y=528.41
Text: [D] at X=193.39, Y=528.41
Text: [i] at X=197.73, Y=528.41
Text: [r] at X=199.06, Y=528.41
Text: [e] at X=201.06, Y=528.41
Text: [c] at X=204.39, Y=528.41
Text: [t] at X=207.39, Y=528.41
Text: [o] at X=209.06, Y=528.41
Text: [r] at X=212.40, Y=528.41
Text: [ ] at X=214.39, Y=528.41
Text: [d] at X=216.06, Y=528.41
Text: [e] at X=219.40, Y=528.41
Text: [ ] at X=222.73, Y=528.41
Text: [P] at X=224.40, Y=528.41
Text: [r] at X=228.40, Y=528.41
Text: [o] at X=230.40, Y=528.41
Text: [y] at X=233.74, Y=528.41
Text: [e] at X=236.74, Y=528.41
Text: [c] at X=240.07, Y=528.41
Text: [t] at X=243.07, Y=528.41
Text: [o] at X=244.74, Y=528.41
Text: [ ] at X=248.08, Y=528.41
Text: [d] at X=249.75, Y=528.41
Text: [e] at X=253.08, Y=528.41
Text: [ ] at X=256.42, Y=528.41
Text: [i] at X=258.09, Y=528.41
Text: [n] at X=259.42, Y=528.41
Text: [v] at X=262.75, Y=528.41
Text: [e] at X=265.75, Y=528.41
Text: [r] at X=269.09, Y=528.41
Text: [s] at X=271.09, Y=528.41
Text: [i] at X=274.09, Y=528.41
Text: [ó] at X=275.42, Y=528.41
Text: [n] at X=278.76, Y=528.41
Text: [C] at X=20.00, Y=570.22
Text: [ó] at X=25.05, Y=570.22
Text: [d] at X=28.95, Y=570.22
Text: [i] at X=32.84, Y=570.22
Text: [g] at X=34.39, Y=570.22
Text: [o] at X=38.28, Y=570.22
Text: [ ] at X=42.18, Y=570.22
Text: [d] at X=44.12, Y=570.22
Text: [e] at X=48.01, Y=570.22
Text: [ ] at X=51.91, Y=570.22
Text: [p] at X=53.85, Y=570.22
Text: [r] at X=57.74, Y=570.22
Text: [o] at X=60.07, Y=570.22
Text: [c] at X=63.97, Y=570.22
Text: [e] at X=67.47, Y=570.22
Text: [s] at X=71.36, Y=570.22
Text: [o] at X=74.86, Y=570.22
Text: [:] at X=78.75, Y=570.22
Text: [ ] at X=80.70, Y=570.22
Text: [U] at X=82.64, Y=570.22
Text: [F] at X=87.70, Y=570.22
Text: [I] at X=91.97, Y=570.22
Text: [N] at X=93.92, Y=570.22
Text: [-] at X=98.97, Y=570.22
Text: [M] at X=101.30, Y=570.22
Text: [T] at X=107.14, Y=570.22
Text: [Z] at X=111.41, Y=570.22
Text: [-] at X=115.69, Y=570.22
Text: [V] at X=118.02, Y=570.22
Text: [3] at X=122.69, Y=570.22
Text: [-] at X=126.58, Y=570.22
Text: [2] at X=128.91, Y=570.22
Text: [0] at X=132.80, Y=570.22
Text: [2] at X=136.70, Y=570.22
Text: [2] at X=140.59, Y=570.22
Text: [-] at X=144.48, Y=570.22
Text: [0] at X=146.81, Y=570.22
Text: [2] at X=150.70, Y=570.22
Text: [1] at X=154.60, Y=570.22
Text: [C] at X=376.45, Y=570.22
Text: [ó] at X=381.50, Y=570.22
Text: [d] at X=385.40, Y=570.22
Text: [i] at X=389.29, Y=570.22
Text: [g] at X=390.84, Y=570.22
Text: [o] at X=394.73, Y=570.22
Text: [ ] at X=398.63, Y=570.22
Text: [d] at X=400.57, Y=570.22
Text: [e] at X=404.46, Y=570.22
Text: [ ] at X=408.36, Y=570.22
Text: [p] at X=410.30, Y=570.22
Text: [r] at X=414.19, Y=570.22
Text: [o] at X=416.52, Y=570.22
Text: [c] at X=420.42, Y=570.22
Text: [e] at X=423.92, Y=570.22
Text: [s] at X=427.81, Y=570.22
Text: [o] at X=431.31, Y=570.22
Text: [:] at X=435.20, Y=570.22
Text: [ ] at X=437.15, Y=570.22
Text: [G] at X=439.09, Y=570.22
Text: [F] at X=444.54, Y=570.22
Text: [N] at X=448.82, Y=570.22
Text: [.] at X=453.87, Y=570.22
Text: [1] at X=455.82, Y=570.22
Text: [.] at X=459.71, Y=570.22
Text: [4] at X=461.65, Y=570.22
Text: [R] at X=745.36, Y=570.22
Text: [e] at X=750.41, Y=570.22
Text: [v] at X=754.31, Y=570.22
Text: [.] at X=757.81, Y=570.22
Text: [U] at X=759.75, Y=570.22
Text: [P] at X=764.81, Y=570.22
Text: [D] at X=769.48, Y=570.22
Text: [I] at X=774.53, Y=570.22
Text: [ ] at X=776.48, Y=570.22
Text: [:] at X=778.42, Y=570.22
Text: [ ] at X=780.37, Y=570.22
Text: [2] at X=782.31, Y=570.22
Text: [0] at X=786.21, Y=570.22
Text: [2] at X=790.10, Y=570.22
Text: [2] at X=793.99, Y=570.22
Text: [-] at X=797.88, Y=570.22
Text: [a] at X=800.21, Y=570.22
Text: [g] at X=804.10, Y=570.22
Text: [o] at X=808.00, Y=570.22
Text: [-] at X=811.89, Y=570.22
Text: [3] at X=814.22, Y=570.22
Text: [1] at X=818.11, Y=570.22
]]></system-out>
  </testcase>
</testsuite>